FDTD Solutions Version 8.18.1262 (Mac 64bit)
 expires (month/day/year): 8/20/2017
using config file: /Users/jay/.config/Lumerical/FDTD Solutions.ini
license host: Jays-MacBook-Pro
current time: Tue Jul 25 13:45:58 2017
Running on host: Jays-MacBook-Pro.local
All processes are communicating and ready to proceed to simulation...
Running fsp file: /Applications/Lumerical/FDTD Solutions/FDTD Solutions.app/Contents/MacOS/fdtd-engine -t 1 -remote /Users/jay/CODE/Fresnel/Borophene/FDTD/Borophene_Anisotropic_Monochromatic_3D.fsp
number of processors is 4
processors are distributed as: 4x1x1
Running 3D Simulation
Starting meshing
Simulation size in gridpoints: 70 x 4 x 4
Refined 0 mesh cells (0%)
Completed meshing!
Meshing complete in 0.000468 seconds of CPU time
0 0
Starting meshing
Simulation size in gridpoints: 70 x 4 x 4
Refined 0 mesh cells (0%)
Completed meshing!
Meshing complete in 0.000295 seconds of CPU time
0 0
Starting meshing
Simulation size in gridpoints: 70 x 4 x 4
Refined 0 mesh cells (0%)
Completed meshing!
Meshing complete in 0.000279 seconds of CPU time
0 0
finished material properties
Meshing Time: 0.000827 seconds, Init Electrical Material Time: 0.000336 seconds, Init Magnetic Material Time: 8e-06
Using selected optimization level: 2
Selecting 3d kernel for splitFieldDirection=0 and optLevel=2
-----------------------------------------
Beginning initialization of 3D Simulation
Starting to add sources to simulation
Adding 3D Gaussian source propagating in X
Reverted to narrowband source injection
Starting to add boundary conditions to simulation
Adding 3D PML BC
Adding 3D Parallel BC
Adding 3D Bloch BC
Adding 3D Bloch BC
Adding 3D Periodic BC
Adding 3D Periodic BC
Starting to add monitors to Simulation
Adding analysis monitor
Adding 3D DFT monitor
Adding 3D Time monitor
Adding 3D DFT monitor
Adding 3D DFT monitor
Adding 3D DFT monitor
Adding 3D DFT monitor
Finished initialization of 3D Simulation
-----------------------------------------
All processes are communicating and ready to proceed to simulation...
Starting 3028341 total iterations
0% complete. Max time remaining: 11 mins, 8 secs. Auto Shutoff: 1
1% complete. Max time remaining: 10 mins, 26 secs. Auto Shutoff: 1
2% complete. Max time remaining: 10 mins, 23 secs. Auto Shutoff: 1
3% complete. Max time remaining: 10 mins, 15 secs. Auto Shutoff: 0.951431
4% complete. Max time remaining: 10 mins, 10 secs. Auto Shutoff: 0.779527
5% complete. Max time remaining: 10 mins, 8 secs. Auto Shutoff: 0.106845
6% complete. Max time remaining: 10 mins, 4 secs. Auto Shutoff: 0.0165153
7% complete. Max time remaining: 9 mins, 58 secs. Auto Shutoff: 0.00700353
8% complete. Max time remaining: 9 mins, 50 secs. Auto Shutoff: 0.0041346
9% complete. Max time remaining: 9 mins, 43 secs. Auto Shutoff: 0.00317894
10% complete. Max time remaining: 9 mins, 38 secs. Auto Shutoff: 0.00267915
11% complete. Max time remaining: 9 mins, 31 secs. Auto Shutoff: 0.00214761
12% complete. Max time remaining: 9 mins, 23 secs. Auto Shutoff: 0.00173871
13% complete. Max time remaining: 9 mins, 16 secs. Auto Shutoff: 0.0014197
14% complete. Max time remaining: 9 mins, 11 secs. Auto Shutoff: 0.00122561
15% complete. Max time remaining: 9 mins, 4 secs. Auto Shutoff: 0.00101135
16% complete. Max time remaining: 8 mins, 57 secs. Auto Shutoff: 0.000835733
17% complete. Max time remaining: 8 mins, 52 secs. Auto Shutoff: 0.000725085
18% complete. Max time remaining: 8 mins, 45 secs. Auto Shutoff: 0.00060009
19% complete. Max time remaining: 8 mins, 39 secs. Auto Shutoff: 0.000497625
20% complete. Max time remaining: 8 mins, 33 secs. Auto Shutoff: 0.0004331
21% complete. Max time remaining: 8 mins, 26 secs. Auto Shutoff: 0.000360841
22% complete. Max time remaining: 8 mins, 19 secs. Auto Shutoff: 0.000302396
23% complete. Max time remaining: 8 mins, 11 secs. Auto Shutoff: 0.000255089
24% complete. Max time remaining: 8 mins, 5 secs. Auto Shutoff: 0.000225944
25% complete. Max time remaining: 7 mins, 56 secs. Auto Shutoff: 0.000193997
26% complete. Max time remaining: 7 mins, 48 secs. Auto Shutoff: 0.000168482
27% complete. Max time remaining: 7 mins, 42 secs. Auto Shutoff: 0.000152926
28% complete. Max time remaining: 7 mins, 34 secs. Auto Shutoff: 0.000135951
29% complete. Max time remaining: 7 mins, 26 secs. Auto Shutoff: 0.000122504
30% complete. Max time remaining: 7 mins, 21 secs. Auto Shutoff: 0.000114262
31% complete. Max time remaining: 7 mins, 13 secs. Auto Shutoff: 0.000105182
32% complete. Max time remaining: 7 mins, 5 secs. Auto Shutoff: 9.78334e-05
33% complete. Max time remaining: 6 mins, 60 secs. Auto Shutoff: 9.31856e-05
34% complete. Max time remaining: 6 mins, 52 secs. Auto Shutoff: 8.79024e-05
35% complete. Max time remaining: 6 mins, 45 secs. Auto Shutoff: 8.33679e-05
36% complete. Max time remaining: 6 mins, 38 secs. Auto Shutoff: 7.9381e-05
37% complete. Max time remaining: 6 mins, 32 secs. Auto Shutoff: 7.66566e-05
38% complete. Max time remaining: 6 mins, 25 secs. Auto Shutoff: 7.32577e-05
39% complete. Max time remaining: 6 mins, 18 secs. Auto Shutoff: 7.00731e-05
40% complete. Max time remaining: 6 mins, 12 secs. Auto Shutoff: 6.77739e-05
41% complete. Max time remaining: 6 mins, 5 secs. Auto Shutoff: 6.4776e-05
42% complete. Max time remaining: 5 mins, 58 secs. Auto Shutoff: 6.18577e-05
43% complete. Max time remaining: 5 mins, 53 secs. Auto Shutoff: 5.96891e-05
44% complete. Max time remaining: 5 mins, 46 secs. Auto Shutoff: 5.68436e-05
45% complete. Max time remaining: 5 mins, 39 secs. Auto Shutoff: 5.40377e-05
46% complete. Max time remaining: 5 mins, 32 secs. Auto Shutoff: 5.12578e-05
47% complete. Max time remaining: 5 mins, 27 secs. Auto Shutoff: 4.92074e-05
48% complete. Max time remaining: 5 mins, 20 secs. Auto Shutoff: 4.6509e-05
49% complete. Max time remaining: 5 mins, 13 secs. Auto Shutoff: 4.38766e-05
50% complete. Max time remaining: 5 mins, 8 secs. Auto Shutoff: 4.19434e-05
51% complete. Max time remaining: 5 mins, 1 secs. Auto Shutoff: 3.94196e-05
52% complete. Max time remaining: 4 mins, 54 secs. Auto Shutoff: 3.69841e-05
53% complete. Max time remaining: 4 mins, 49 secs. Auto Shutoff: 3.52042e-05
54% complete. Max time remaining: 4 mins, 42 secs. Auto Shutoff: 3.29157e-05
55% complete. Max time remaining: 4 mins, 35 secs. Auto Shutoff: 3.07259e-05
56% complete. Max time remaining: 4 mins, 29 secs. Auto Shutoff: 2.86189e-05
57% complete. Max time remaining: 4 mins, 23 secs. Auto Shutoff: 2.71106e-05
58% complete. Max time remaining: 4 mins, 17 secs. Auto Shutoff: 2.51846e-05
59% complete. Max time remaining: 4 mins, 10 secs. Auto Shutoff: 2.33565e-05
60% complete. Max time remaining: 4 mins, 5 secs. Auto Shutoff: 2.20542e-05
61% complete. Max time remaining: 3 mins, 58 secs. Auto Shutoff: 2.04011e-05
62% complete. Max time remaining: 3 mins, 51 secs. Auto Shutoff: 1.88455e-05
63% complete. Max time remaining: 3 mins, 46 secs. Auto Shutoff: 1.77415e-05
64% complete. Max time remaining: 3 mins, 40 secs. Auto Shutoff: 1.63539e-05
65% complete. Max time remaining: 3 mins, 33 secs. Auto Shutoff: 1.50589e-05
66% complete. Max time remaining: 3 mins, 28 secs. Auto Shutoff: 1.41444e-05
67% complete. Max time remaining: 3 mins, 21 secs. Auto Shutoff: 1.30022e-05
68% complete. Max time remaining: 3 mins, 15 secs. Auto Shutoff: 1.19454e-05
69% complete. Max time remaining: 3 mins, 8 secs. Auto Shutoff: 1.09701e-05
70% complete. Max time remaining: 3 mins, 3 secs. Auto Shutoff: 1.0292e-05
71% complete. Max time remaining: 2 mins, 56 secs. Auto Shutoff: 9.45328e-06
72% complete. Max time remaining: 2 mins, 50 secs. Auto Shutoff: 8.68912e-06
73% complete. Max time remaining: 2 mins, 45 secs. Auto Shutoff: 8.0797e-06
74% complete. Max time remaining: 2 mins, 39 secs. Auto Shutoff: 7.44362e-06
75% complete. Max time remaining: 2 mins, 34 secs. Auto Shutoff: 7.01277e-06
76% complete. Max time remaining: 2 mins, 27 secs. Auto Shutoff: 6.49388e-06
77% complete. Max time remaining: 2 mins, 20 secs. Auto Shutoff: 6.03136e-06
78% complete. Max time remaining: 2 mins, 15 secs. Auto Shutoff: 5.72436e-06
79% complete. Max time remaining: 2 mins, 8 secs. Auto Shutoff: 5.3607e-06
80% complete. Max time remaining: 2 mins, 2 secs. Auto Shutoff: 5.049e-06
81% complete. Max time remaining: 1 min, 57 secs. Auto Shutoff: 4.84706e-06
82% complete. Max time remaining: 1 min, 50 secs. Auto Shutoff: 4.61527e-06
83% complete. Max time remaining: 1 min, 43 secs. Auto Shutoff: 4.42677e-06
84% complete. Max time remaining: 1 min, 37 secs. Auto Shutoff: 4.27495e-06
85% complete. Max time remaining: 1 min, 32 secs. Auto Shutoff: 4.18455e-06
86% complete. Max time remaining: 1 min, 25 secs. Auto Shutoff: 4.09167e-06
87% complete. Max time remaining: 1 min, 18 secs. Auto Shutoff: 4.02692e-06
88% complete. Max time remaining: 1 min, 13 secs. Auto Shutoff: 3.99533e-06
89% complete. Max time remaining: 1 min, 7 secs. Auto Shutoff: 3.97161e-06
90% complete. Max time remaining: 1 min, 0 secs. Auto Shutoff: 3.9687e-06
91% complete. Max time remaining: 55 secs. Auto Shutoff: 3.97703e-06
92% complete. Max time remaining: 48 secs. Auto Shutoff: 3.99904e-06
93% complete. Max time remaining: 42 secs. Auto Shutoff: 4.03503e-06
94% complete. Max time remaining: 37 secs. Auto Shutoff: 4.06701e-06
95% complete. Max time remaining: 30 secs. Auto Shutoff: 4.11582e-06
96% complete. Max time remaining: 23 secs. Auto Shutoff: 4.17194e-06
97% complete. Max time remaining: 17 secs. Auto Shutoff: 4.23048e-06
98% complete. Max time remaining: 12 secs. Auto Shutoff: 4.27704e-06
99% complete. Max time remaining: 5 secs. Auto Shutoff: 4.33999e-06
Completed 3028341 iterations, or 9.999999e-13s of Simulation Time
Process 0 starting to collect data
    collecting monitor data
    collecting source data
Reverted to narrowband source injection
Finished collecting data
Simulation completed successfully at: Tue Jul 25 13:56:10 2017
Overall wall time measurements in seconds:
    time to mesh and initialize: 0
    time to run FDTD simulation: 612
    time to finalize data and save to files: 0
    FDTD solver speed: 5.54206 Mnodes/s
    total FDTD solver speed on 4 processes: 22.1682 Mnodes/s
