FDTD Solutions Version 8.18.1262 (Mac 64bit)
 expires (month/day/year): 8/20/2017
using config file: /Users/jay/.config/Lumerical/FDTD Solutions.ini
license host: Jays-MacBook-Pro
current time: Tue Jul 25 12:38:11 2017
Running on host: Jays-MacBook-Pro.local
All processes are communicating and ready to proceed to simulation...
Running fsp file: /Applications/Lumerical/FDTD Solutions/FDTD Solutions.app/Contents/MacOS/fdtd-engine -t 1 -remote /Users/jay/CODE/Fresnel/Borophene/FDTD/Borophene_Anisotropic_Monochromatic.fsp
number of processors is 4
processors are distributed as: 4x1x1
Running 2D Simulation
Starting meshing
Simulation size in gridpoints: 69 x 3 x 1
Refined 0 mesh cells (0%)
Completed meshing!
Meshing complete in 0.000244 seconds of CPU time
0 0
Starting meshing
Simulation size in gridpoints: 69 x 3 x 1
Refined 0 mesh cells (0%)
Completed meshing!
Meshing complete in 0.000145 seconds of CPU time
0 0
finished material properties
Selected kernel with optimization level: 2 and split-field propagation direction: 0
Starting meshing
Simulation size in gridpoints: 69 x 3 x 1
Refined 0 mesh cells (0%)
Completed meshing!
Meshing complete in 0.000141 seconds of CPU time
0 0
Selected kernel with optimization level: 2 and split-field propagation direction: 0
-----------------------------------------
Beginning initialization of 2D FDTD Simulation
  Including TM Simulation
Starting to add sources to simulation

Adding Gaussian source propagating in X
Reverted to narrowband source injection
Starting to add boundary conditions to simulation
Adding PML BC
Adding parallel BC
Adding periodic BC
Adding periodic BC
Starting to add monitors to Simulation
Adding analysis monitor
Adding frequency monitor
Adding time monitor
Adding frequency monitor
Adding frequency monitor
Adding frequency monitor
Adding frequency monitor
Finished initialization of 2D Simulation
-----------------------------------------
All processes are communicating and ready to proceed to simulation...
Starting 3028223 total iterations
0% complete. Max time remaining: 2 mins, 44 secs. Auto Shutoff: 1
1% complete. Max time remaining: 2 mins, 13 secs. Auto Shutoff: 1
2% complete. Max time remaining: 2 mins, 17 secs. Auto Shutoff: 1
3% complete. Max time remaining: 2 mins, 13 secs. Auto Shutoff: 0.623363
4% complete. Max time remaining: 2 mins, 12 secs. Auto Shutoff: 0.000967528
5% complete. Max time remaining: 2 mins, 9 secs. Auto Shutoff: 5.7537e-06
6% complete. Max time remaining: 2 mins, 8 secs. Auto Shutoff: 1.16032e-06
7% complete. Max time remaining: 2 mins, 8 secs. Auto Shutoff: 4.75933e-08
100% complete. Max time remaining: 0 mins, 0 secs. Auto Shutoff: 4.75933e-08
Early termination of simulation, the autoshutoff criteria are satisfied.
Completed 212210 iterations, or 7.007739e-14s of Simulation Time
Process 0 starting to collect data
    collecting TM monitor data
    collecting TE monitor data
    collecting TM source data
Reverted to narrowband source injection
    collecting TE source data
Finished collecting data
Simulation completed successfully at: Tue Jul 25 12:38:21 2017
Overall wall time measurements in seconds:
    time to mesh and initialize: 0
    time to run FDTD simulation: 10
    time to finalize data and save to files: 0
    FDTD solver speed: 4.39275 Mnodes/s
    total FDTD solver speed on 4 processes: 17.571 Mnodes/s
